Using pre-set license
Built from '6000.0/staging' branch; Version is '6000.0.41f1 (46e447368a18) revision 4645959'; Using compiler version '193933523'; Build Type 'Release'
OS: 'Windows 11  (10.0.22631) 64bit Professional' Language: 'en' Physical Memory: 32669 MB
BatchMode: 1, IsHumanControllingUs: 0, StartBugReporterOnCrash: 0, Is64bit: 1, IsPro: 1

COMMAND LINE ARGUMENTS:
Z:\UnityHub\Install\6000.0.41f1\Editor\Unity.exe
-adb2
-batchMode
-noUpm
-name
AssetImportWorker2
-projectPath
Z:/GamePlayground2/Gameplayground-2
-logFile
Logs/AssetImportWorker2.log
-srvPort
48456
-job-worker-count
7
-background-job-worker-count
8
-gc-helper-count
1
Successfully changed project path to: Z:/GamePlayground2/Gameplayground-2
Z:/GamePlayground2/Gameplayground-2
[UnityMemory] Configuration Parameters - Can be set up in boot.config
    "memorysetup-bucket-allocator-granularity=16"
    "memorysetup-bucket-allocator-bucket-count=8"
    "memorysetup-bucket-allocator-block-size=33554432"
    "memorysetup-bucket-allocator-block-count=8"
    "memorysetup-main-allocator-block-size=16777216"
    "memorysetup-thread-allocator-block-size=16777216"
    "memorysetup-gfx-main-allocator-block-size=16777216"
    "memorysetup-gfx-thread-allocator-block-size=16777216"
    "memorysetup-cache-allocator-block-size=4194304"
    "memorysetup-typetree-allocator-block-size=2097152"
    "memorysetup-profiler-bucket-allocator-granularity=16"
    "memorysetup-profiler-bucket-allocator-bucket-count=8"
    "memorysetup-profiler-bucket-allocator-block-size=33554432"
    "memorysetup-profiler-bucket-allocator-block-count=8"
    "memorysetup-profiler-allocator-block-size=16777216"
    "memorysetup-profiler-editor-allocator-block-size=1048576"
    "memorysetup-temp-allocator-size-main=16777216"
    "memorysetup-job-temp-allocator-block-size=2097152"
    "memorysetup-job-temp-allocator-block-size-background=1048576"
    "memorysetup-job-temp-allocator-reduction-small-platforms=262144"
    "memorysetup-allocator-temp-initial-block-size-main=262144"
    "memorysetup-allocator-temp-initial-block-size-worker=262144"
    "memorysetup-temp-allocator-size-background-worker=32768"
    "memorysetup-temp-allocator-size-job-worker=262144"
    "memorysetup-temp-allocator-size-preload-manager=33554432"
    "memorysetup-temp-allocator-size-nav-mesh-worker=65536"
    "memorysetup-temp-allocator-size-audio-worker=65536"
    "memorysetup-temp-allocator-size-cloud-worker=32768"
    "memorysetup-temp-allocator-size-gi-baking-worker=262144"
    "memorysetup-temp-allocator-size-gi-baking-worker=262144"
    "memorysetup-temp-allocator-size-gi-baking-worker=262144"
    "memorysetup-temp-allocator-size-gi-baking-worker=262144"
    "memorysetup-temp-allocator-size-gi-baking-worker=262144"
    "memorysetup-temp-allocator-size-gfx=262144"
Player connection [38140]  Target information:

Player connection [38140]  * "[IP] 192.168.56.1 [Port] 0 [Flags] 2 [Guid] 463552879 [EditorId] 463552879 [Version] 1048832 [Id] WindowsEditor(7,BigBertha) [Debug] 1 [PackageName] WindowsEditor [ProjectName] Editor" 

Player connection [38140]  * "[IP] 169.254.123.101 [Port] 0 [Flags] 2 [Guid] 463552879 [EditorId] 463552879 [Version] 1048832 [Id] WindowsEditor(7,BigBertha) [Debug] 1 [PackageName] WindowsEditor [ProjectName] Editor" 

Player connection [38140]  * "[IP] 192.168.16.1 [Port] 0 [Flags] 2 [Guid] 463552879 [EditorId] 463552879 [Version] 1048832 [Id] WindowsEditor(7,BigBertha) [Debug] 1 [PackageName] WindowsEditor [ProjectName] Editor" 

Player connection [38140]  * "[IP] 192.168.71.1 [Port] 0 [Flags] 2 [Guid] 463552879 [EditorId] 463552879 [Version] 1048832 [Id] WindowsEditor(7,BigBertha) [Debug] 1 [PackageName] WindowsEditor [ProjectName] Editor" 

Player connection [38140]  * "[IP] 100.107.251.15 [Port] 0 [Flags] 2 [Guid] 463552879 [EditorId] 463552879 [Version] 1048832 [Id] WindowsEditor(7,BigBertha) [Debug] 1 [PackageName] WindowsEditor [ProjectName] Editor" 

Player connection [38140]  * "[IP] 10.2.0.2 [Port] 0 [Flags] 2 [Guid] 463552879 [EditorId] 463552879 [Version] 1048832 [Id] WindowsEditor(7,BigBertha) [Debug] 1 [PackageName] WindowsEditor [ProjectName] Editor" 

Player connection [38140]  * "[IP] 192.168.0.114 [Port] 0 [Flags] 2 [Guid] 463552879 [EditorId] 463552879 [Version] 1048832 [Id] WindowsEditor(7,BigBertha) [Debug] 1 [PackageName] WindowsEditor [ProjectName] Editor" 

Player connection [38140] Host joined multi-casting on [225.0.0.222:54997]...
Player connection [38140] Host joined alternative multi-casting on [225.0.0.222:34997]...
JobSystem: Creating JobQueue using job-worker-count value 7
Input System module state changed to: Initialized.
[Physics::Module] Initialized fallback backend.
[Physics::Module] Id: 0xdecafbad
Library Redirect Path: Library/
[Physics::Module] Selected backend.
[Physics::Module] Name: PhysX
[Physics::Module] Id: 0xf2b8ea05
[Physics::Module] SDK Version: 4.1.2
[Physics::Module] Integration Version: 1.0.0
[Physics::Module] Threading Mode: Multi-Threaded
Refreshing native plugins compatible for Editor in 132.60 ms, found 4 plugins.
Preloading 0 native plugins for Editor in 0.00 ms.
Initialize engine version: 6000.0.41f1 (46e447368a18)
[Subsystems] Discovering subsystems at path Z:/UnityHub/Install/6000.0.41f1/Editor/Data/Resources/UnitySubsystems
[Subsystems] Discovering subsystems at path Z:/GamePlayground2/Gameplayground-2/Assets
GfxDevice: creating device client; kGfxThreadingModeNonThreaded
Direct3D:
    Version:  Direct3D 11.0 [level 11.1]
    Renderer: NVIDIA GeForce RTX 2060 SUPER (ID=0x1f06)
    Vendor:   NVIDIA
    VRAM:     8006 MB
    Driver:   32.0.15.6614
Initialize mono
Mono path[0] = 'Z:/UnityHub/Install/6000.0.41f1/Editor/Data/Managed'
Mono path[1] = 'Z:/UnityHub/Install/6000.0.41f1/Editor/Data/MonoBleedingEdge/lib/mono/unityjit-win32'
Mono config path = 'Z:/UnityHub/Install/6000.0.41f1/Editor/Data/MonoBleedingEdge/etc'
Using monoOptions --debugger-agent=transport=dt_socket,embedding=1,server=y,suspend=n,address=127.0.0.1:56532
Begin MonoManager ReloadAssembly
Registering precompiled unity dll's ...
Register platform support module: Z:/UnityHub/Install/6000.0.41f1/Editor/Data/PlaybackEngines/WindowsStandaloneSupport/UnityEditor.WindowsStandalone.Extensions.dll
Register platform support module: Z:/UnityHub/Install/6000.0.41f1/Editor/Data/PlaybackEngines/AndroidPlayer/UnityEditor.Android.Extensions.dll
Registered in 0.002926 seconds.
- Loaded All Assemblies, in  9.093 seconds
Native extension for Android target not found
Android Extension - Scanning For ADB Devices 436 ms
Native extension for WindowsStandalone target not found
Mono: successfully reloaded assembly
- Finished resetting the current domain, in  0.810 seconds
Domain Reload Profiling: 9903ms
	BeginReloadAssembly (7192ms)
		ExecutionOrderSort (0ms)
		DisableScriptedObjects (0ms)
		BackupInstance (0ms)
		ReleaseScriptingObjects (0ms)
		CreateAndSetChildDomain (1ms)
	RebuildCommonClasses (440ms)
	RebuildNativeTypeToScriptingClass (9ms)
	initialDomainReloadingComplete (37ms)
	LoadAllAssembliesAndSetupDomain (1414ms)
		LoadAssemblies (7197ms)
		RebuildTransferFunctionScriptingTraits (0ms)
		AnalyzeDomain (1406ms)
			TypeCache.Refresh (1405ms)
				TypeCache.ScanAssembly (1131ms)
			BuildScriptInfoCaches (0ms)
			ResolveRequiredComponents (0ms)
	FinalizeReload (810ms)
		ReleaseScriptCaches (0ms)
		RebuildScriptCaches (0ms)
		SetupLoadedEditorAssemblies (770ms)
			LogAssemblyErrors (0ms)
			InitializePlatformSupportModulesInManaged (528ms)
			SetLoadedEditorAssemblies (4ms)
			BeforeProcessingInitializeOnLoad (50ms)
			ProcessInitializeOnLoadAttributes (123ms)
			ProcessInitializeOnLoadMethodAttributes (64ms)
			AfterProcessingInitializeOnLoad (0ms)
			EditorAssembliesLoaded (0ms)
		ExecutionOrderSort2 (0ms)
		AwakeInstancesAfterBackupRestoration (0ms)
========================================================================
Worker process is ready to serve import requests
Import Worker Mode flag is 0x00
Begin MonoManager ReloadAssembly
- Loaded All Assemblies, in  8.714 seconds
Refreshing native plugins compatible for Editor in 1.38 ms, found 4 plugins.
Native extension for Android target not found
Native extension for WindowsStandalone target not found
Mono: successfully reloaded assembly
- Finished resetting the current domain, in  1.227 seconds
Domain Reload Profiling: 9941ms
	BeginReloadAssembly (165ms)
		ExecutionOrderSort (0ms)
		DisableScriptedObjects (5ms)
		BackupInstance (0ms)
		ReleaseScriptingObjects (0ms)
		CreateAndSetChildDomain (29ms)
	RebuildCommonClasses (29ms)
	RebuildNativeTypeToScriptingClass (9ms)
	initialDomainReloadingComplete (30ms)
	LoadAllAssembliesAndSetupDomain (8479ms)
		LoadAssemblies (7818ms)
		RebuildTransferFunctionScriptingTraits (0ms)
		AnalyzeDomain (764ms)
			TypeCache.Refresh (692ms)
				TypeCache.ScanAssembly (627ms)
			BuildScriptInfoCaches (60ms)
			ResolveRequiredComponents (9ms)
	FinalizeReload (1227ms)
		ReleaseScriptCaches (0ms)
		RebuildScriptCaches (0ms)
		SetupLoadedEditorAssemblies (861ms)
			LogAssemblyErrors (0ms)
			InitializePlatformSupportModulesInManaged (11ms)
			SetLoadedEditorAssemblies (5ms)
			BeforeProcessingInitializeOnLoad (188ms)
			ProcessInitializeOnLoadAttributes (543ms)
			ProcessInitializeOnLoadMethodAttributes (113ms)
			AfterProcessingInitializeOnLoad (1ms)
			EditorAssembliesLoaded (0ms)
		ExecutionOrderSort2 (0ms)
		AwakeInstancesAfterBackupRestoration (4ms)
Launched and connected shader compiler UnityShaderCompiler.exe after 0.03 seconds
Refreshing native plugins compatible for Editor in 1.71 ms, found 4 plugins.
Preloading 0 native plugins for Editor in 0.00 ms.
Unloading 206 Unused Serialized files (Serialized files now loaded: 0)
Unloading 6568 unused Assets / (4.6 MB). Loaded Objects now: 7266.
Memory consumption went from 172.0 MB to 167.4 MB.
Total: 8.555200 ms (FindLiveObjects: 0.761500 ms CreateObjectMapping: 0.357600 ms MarkObjects: 5.368400 ms  DeleteObjects: 2.066900 ms)

========================================================================
Received Import Request.
  Time since last request: 73943.081005 seconds.
  path: Assets/Tilemaps/Fence N Stuff.prefab
  artifactKey: Guid(6c4cdc9adc9f9ee468f65fb58c5763ab) Importer(815301076,1909f56bfc062723c751e8b465ee728b)
Start importing Assets/Tilemaps/Fence N Stuff.prefab using Guid(6c4cdc9adc9f9ee468f65fb58c5763ab) Importer(815301076,1909f56bfc062723c751e8b465ee728b) (PreviewImporter) -> (artifact id: 'ddc1628e78df163f715928db632a9817') in 0.4336947 seconds
Number of updated asset objects reloaded before import = 0Number of asset objects unloaded after import = 39

========================================================================
Received Import Request.
  Time since last request: 93.215073 seconds.
  path: Assets/Tilemaps/Fence N Stuff 1.prefab
  artifactKey: Guid(d723e51d3aa1c294ea6004ef98871fe6) Importer(815301076,1909f56bfc062723c751e8b465ee728b)
Start importing Assets/Tilemaps/Fence N Stuff 1.prefab using Guid(d723e51d3aa1c294ea6004ef98871fe6) Importer(815301076,1909f56bfc062723c751e8b465ee728b) (PreviewImporter) -> (artifact id: '02e191debdb3fc8cbd3df1b0024bead0') in 0.0113132 seconds
Number of updated asset objects reloaded before import = 0Number of asset objects unloaded after import = 10

========================================================================
Received Import Request.
  Time since last request: 6.716657 seconds.
  path: Assets/Tilemaps/Fence N Stuff 1.prefab
  artifactKey: Guid(d723e51d3aa1c294ea6004ef98871fe6) Importer(815301076,1909f56bfc062723c751e8b465ee728b)
Start importing Assets/Tilemaps/Fence N Stuff 1.prefab using Guid(d723e51d3aa1c294ea6004ef98871fe6) Importer(815301076,1909f56bfc062723c751e8b465ee728b) (PreviewImporter) -> (artifact id: 'c2978b4a708c0909c15c828c68a11391') in 0.0145527 seconds
Number of updated asset objects reloaded before import = 0Number of asset objects unloaded after import = 39

========================================================================
Received Import Request.
  Time since last request: 374.013541 seconds.
  path: Assets/Tilemaps/Fence N Stuff 1.prefab
  artifactKey: Guid(d723e51d3aa1c294ea6004ef98871fe6) Importer(815301076,1909f56bfc062723c751e8b465ee728b)
Start importing Assets/Tilemaps/Fence N Stuff 1.prefab using Guid(d723e51d3aa1c294ea6004ef98871fe6) Importer(815301076,1909f56bfc062723c751e8b465ee728b) (PreviewImporter) -> (artifact id: 'dc4ff5bff063d645892cb3c6160da6cd') in 0.0162407 seconds
Number of updated asset objects reloaded before import = 0Number of asset objects unloaded after import = 39

